C51 COMPILER V9.60.7.0   MAIN                                                              11/18/2024 19:25:42 PAGE 1   


C51 COMPILER V9.60.7.0, COMPILATION OF MODULE MAIN
OBJECT MODULE PLACED IN .\Objects\main.obj
COMPILER INVOKED BY: C:\Keil_v5\C51\BIN\C51.EXE main.c OMF2 OPTIMIZE(8,SPEED) BROWSE DEBUG PRINT(.\Listings\main.lst) TA
                    -BS(2) OBJECT(.\Objects\main.obj)

line level    source

   1          #include <REGX52.H>
   2          
   3          unsigned char xdata Ones _at_ 0xFD00; // czesci jednostkowe
   4          unsigned char xdata Decimals _at_ 0XFE00; // czesci dziesietne
   5          
   6          char a;
   7          
   8          // obsluga przerwania
   9          void ISR_INT0() interrupt 0
  10          {
  11   1        a++;
  12   1        Ones = a;
  13   1      }
  14          
  15          //obslugfa timera
  16          
  17          void ISR_T0() interrupt 1
  18          {
  19   1          a++;
  20   1        P1 = a;
  21   1      }
  22          
  23          void main()
  24          {
  25   1        //EA disable all interrups jak 0 jak 1 to enable all interrups -> zezwol globalnie na wszystkie przerwani
             -a
  26   1        EA = 1; // zezwalamy na przerwania 
  27   1        
  28   1        IT0 = 1; // obsluga zboczem opadajacym. Jesli stan niski na przycisku i byl stan wysoki to dostaniemy jed
             -no przerwanie i tylko jedno, jesli byloby to 0 to cay czas przrrwania bys,y dostawali
  29   1        EX0 = 1; // zezwalamyu na przerwanie zerowe zewnetrzne
  30   1        ET0 = 1; // wlaczam przerwanie timera zerowego
  31   1        TR0 = 1; // wlaczamy timer
  32   1        
  33   1        TMOD = 0; // tryb zerowy timera
  34   1        
  35   1        while(1)
  36   1        {
  37   2          // ale jak przycisk wcisniemy, to zaszlo przerwanie i wywolanie funkcji
  38   2          //dla wyswietlacza uzywa sie opcji drugiej AD0-AD7 AD8-AD155 -> obsluga zewnetrznej pamieci operacyjnej 
             -8-15 przekazanie calego adresu komorki PO 0-7 adresowanie
  39   2          // p0 nie da sie wysokiego, ale na ad0 da sie ustawic wysoki stan
  40   2          //Ones = 1;
  41   2          Ones = a;
  42   2          
  43   2          // w mikrokontrolerze mamy timer i on co jakis czas moze przerwanie wywolywac RCAP2L RCAP2H tak ustawic,
             - zeby przepelnial sie licznik i wywolywal przerwanie co sekunde
  44   2          //THi TH0 TH1 TLi TL0 TL1 TL to ktory licznik
  45   2          //timer 1 robimy
  46   2          
  47   2          
  48   2          
  49   2        }
  50   1        
C51 COMPILER V9.60.7.0   MAIN                                                              11/18/2024 19:25:42 PAGE 2   

  51   1      }


MODULE INFORMATION:   STATIC OVERLAYABLE
   CODE SIZE        =     54    ----
   CONSTANT SIZE    =   ----    ----
   XDATA SIZE       =   ----    ----
   PDATA SIZE       =   ----    ----
   DATA SIZE        =      1    ----
   IDATA SIZE       =   ----    ----
   BIT SIZE         =   ----    ----
   EDATA SIZE       =   ----    ----
   HDATA SIZE       =   ----    ----
   XDATA CONST SIZE =   ----    ----
   FAR CONST SIZE   =   ----    ----
END OF MODULE INFORMATION.


C51 COMPILATION COMPLETE.  0 WARNING(S),  0 ERROR(S)
