C51 COMPILER V9.51   MAIN                                                                  11/22/2024 17:43:16 PAGE 1   


C51 COMPILER V9.51, COMPILATION OF MODULE MAIN
OBJECT MODULE PLACED IN .\Objects\main.obj
COMPILER INVOKED BY: C:\Keil\C51\BIN\C51.EXE main.c OMF2 BROWSE DEBUG PRINT(.\Listings\main.lst) TABS(2) OBJECT(.\Object
                    -s\main.obj)

line level    source

   1          #include <REGX52.H>
   2          
   3          unsigned char i = 0;
   4          
   5          void main()
   6          {
   7   1        SCON = 0x40; // SM1
   8   1        TH2 = RCAP2H = 0xFF;
   9   1        TL2 = RCAP2L = 0xDC;
  10   1        T2CON = 0x34; // TR2 TCLK RCLK
  11   1      
  12   1        while(1)
  13   1        {
  14   2          TI = 0;
  15   2          P1 = i;
  16   2          SBUF = i;
  17   2          while(TI==0)
  18   2            ;
  19   2          
  20   2          i++;  
  21   2        }
  22   1      }


MODULE INFORMATION:   STATIC OVERLAYABLE
   CODE SIZE        =     33    ----
   CONSTANT SIZE    =   ----    ----
   XDATA SIZE       =   ----    ----
   PDATA SIZE       =   ----    ----
   DATA SIZE        =      1    ----
   IDATA SIZE       =   ----    ----
   BIT SIZE         =   ----    ----
   EDATA SIZE       =   ----    ----
   HDATA SIZE       =   ----    ----
   XDATA CONST SIZE =   ----    ----
   FAR CONST SIZE   =   ----    ----
END OF MODULE INFORMATION.


C51 COMPILATION COMPLETE.  0 WARNING(S),  0 ERROR(S)
