C51 COMPILER V9.60.7.0   ODBIORNIK_BCD                                                     01/11/2025 11:14:26 PAGE 1   


C51 COMPILER V9.60.7.0, COMPILATION OF MODULE ODBIORNIK_BCD
OBJECT MODULE PLACED IN .\Objects\odbiornik_bcd.obj
COMPILER INVOKED BY: C:\Keil_v5\C51\BIN\C51.EXE odbiornik_bcd.c OMF2 OPTIMIZE(8,SPEED) BROWSE DEBUG PRINT(.\Listings\odb
                    -iornik_bcd.lst) TABS(2) OBJECT(.\Objects\odbiornik_bcd.obj)

line level    source

   1          #include <REGX52.H>
   2          
   3          extern w50mS();
   4          unsigned char data Var1, Var2, Var3;
   5          
   6          unsigned char xdata Ones _at_ 0xFD00;
   7          unsigned char xdata Tens _at_ 0xFE00;
   8          
   9          unsigned char code Koder[] = {0x3F, 0x06, 0x5B, 0x4F, 0x66, 0x6D, 0x7D, 0x07, 0x7F, 0x6F, 0x77, 0x7C, 0x39
             -, 0x5E, 0x79, 0x71, 0x6F, 0x76, 0x30, 0x1E, 0x76, 0x38, 0x15, 0x54, 0x3F, 0x73, 0x67, 0x50, 0x6D, 0x78, 0x3E, 0x1C, 0x2A
             -, 0x76, 0x66, 0x5B}; // 8 bitow czyli char, musi globalna byc, bbo w przerwaniu chce uzyc, mam dla 0 1 2 3, wiec potem d
             -la kolejnych trzeba
  10          
  11          volatile unsigned char data segmentLeft;
  12          volatile unsigned char data segmentRight;
  13          unsigned char i = 0;
  14            
  15          bit isPressed = 0; // czy wcisniete
  16          bit ringing = 0;
  17          
  18          char text[] = " NOWZD "; // ;-)
  19          char textSize = sizeof(text);
  20            
  21          /* char textErr[] = "ER";
  22          char textErrSize = sizeof(textErr);
  23            
  24          char textOk[] = "OK";
  25          char textOkSize = sizeof(textOk); */
  26          
  27          void sleep()
  28          {
  29   1          int i, j;
  30   1          for(i = 0; i < 70; i++)
  31   1          {
  32   2              for(j = 0; j < 70; j++)
  33   2              {
  34   3                  /* nic */;
  35   3              }
  36   2          }
  37   1      }
  38            
  39          void blank_bcd(unsigned char side) {
  40   1        if (side == 1)      segmentLeft = 0x00;
  41   1        else if (side == 2) segmentRight = 0x00;
  42   1      }
  43          
  44          void displayText(unsigned char character, unsigned char bcd_side) {
  45   1        
  46   1        unsigned int ascii = character;
  47   1        switch (ascii) {
  48   2          
  49   2          
  50   2          case 32: character = 0x00;          break;
  51   2          
C51 COMPILER V9.60.7.0   ODBIORNIK_BCD                                                     01/11/2025 11:14:26 PAGE 2   

  52   2          case 48: character = Koder[0];          break;
  53   2          case 49: character = Koder[1];          break;
  54   2          case 50: character = Koder[2];          break;
  55   2          case 51: character = Koder[3];          break;
  56   2          case 52: character = Koder[4];        break;
  57   2          case 53: character = Koder[5];          break;
  58   2          case 54: character = Koder[6];          break;
  59   2          case 55: character = Koder[7];        break;
  60   2          case 56: character = Koder[8];        break;
  61   2          case 57: character = Koder[9];      break;
  62   2          
  63   2          case 65: case 97:   character = Koder[10];  break;
  64   2          case 66: case 98:   character = Koder[11];  break;
  65   2          case 67: case 99:   character = Koder[12];  break;
  66   2          case 68: case 100:  character = Koder[13];  break;
  67   2          case 69: case 101:  character = Koder[14];  break;
  68   2          case 70: case 102:  character = Koder[15];  break;
  69   2          case 71: case 103:  character = Koder[16];  break;
  70   2          case 72: case 104:  character = Koder[17];  break;
  71   2          case 73: case 105:  character = Koder[18];  break;
  72   2          case 74: case 106:  character = Koder[19];  break;
  73   2          case 75: case 107:  character = Koder[20];  break;
  74   2          case 76: case 108:  character = Koder[21];  break;
  75   2          case 77: case 109:  character = Koder[22];  break;
  76   2          case 78: case 110:  character = Koder[23];  break;
  77   2          case 79: case 111:  character = Koder[24];  break;
  78   2          case 80: case 112:  character = Koder[25];  break;
  79   2          case 81: case 113:  character = Koder[26];  break;
  80   2          case 82: case 114:  character = Koder[27];  break;
  81   2          case 83: case 115:  character = Koder[28];  break;
  82   2          case 84: case 116:  character = Koder[29];  break;
  83   2          case 85: case 117:  character = Koder[30];  break;
  84   2          case 86: case 118:  character = Koder[31];  break;
  85   2          case 87: case 119:  character = Koder[32];  break;
  86   2          case 88: case 120:  character = Koder[33];  break;
  87   2          case 89: case 121:  character = Koder[34];  break;
  88   2          case 90: case 122:  character = Koder[35];  break;
  89   2      
  90   2          default: P1 = ascii;  break;
  91   2        }
  92   1        
  93   1        if (bcd_side == 1)      segmentLeft = character;
  94   1        else if (bcd_side == 2) segmentRight = character;
  95   1      }
  96          bit correct = 0;
  97          bit incorrect = 0;
  98          unsigned char receivedByte;
  99          
 100          
 101          void ISR_Serial(void) interrupt  4
 102          {
 103   1        if(TI == 1) {TI = 0;}
 104   1        if(RI == 1)
 105   1         {
 106   2           RI = 0;
 107   2           receivedByte = SBUF;
 108   2           sleep();
 109   2           if(receivedByte == '1') {correct = 1;}
 110   2           else if(receivedByte == '0') {incorrect = 1;}
 111   2         }
 112   1      }  
 113          
C51 COMPILER V9.60.7.0   ODBIORNIK_BCD                                                     01/11/2025 11:14:26 PAGE 3   

 114          // button na przerwanie INT0
 115          void ISR_INT() interrupt 0
 116          {
 117   1        if(P3_2 == 0 && isPressed == 0)
 118   1        {
 119   2          ringing = 1;
 120   2          displayText(text[i], 1); 
 121   2          if (i > 0) {
 122   3            displayText(text[i-1], 2);
 123   3        } else {
 124   3            blank_bcd(1);
 125   3          }
 126   2          i++;
 127   2          
 128   2          if (i >= textSize) i = 0;
 129   2        }
 130   1        isPressed = P3_2;
 131   1      }
 132          
 133          
 134          // T1
 135          void ISR_T1() interrupt 3
 136          { 
 137   1          if(correct)
 138   1          {
 139   2            displayText('O', 1);
 140   2            displayText('N', 2);
 141   2            correct = 0;
 142   2          }
 143   1        
 144   1          if(incorrect)
 145   1          {
 146   2            displayText('O', 1);
 147   2            displayText('F', 2);
 148   2            incorrect = 0;
 149   2          }
 150   1        }
 151          
 152          void Init(void)
 153            {
 154   1          P3_4 = 0;
 155   1            
 156   1          SCON = 0x50;
 157   1          T2CON = 0x30;
 158   1          TH2 = RCAP2H = 0xFF;
 159   1          TL2 = RCAP2L = 0xDC;
 160   1          
 161   1          
 162   1          TR2=1;
 163   1          ES = 1;
 164   1          EA  = 1;
 165   1          
 166   1          
 167   1          EX0 = 1;  // zezwalam na przerwanie INT0
 168   1          IT0 = 1;  // przerwanie INT0 na zbocze opadajace
 169   1        
 170   1          // T1
 171   1          EX1 = 1;
 172   1          IT1 = 1;
 173   1          ET1 = 1;
 174   1          TR1 = 1; // uruchamiam w tryb pracy timera 1, bo normalnie stop
 175   1          TMOD = 0 | T1_M0_; 
C51 COMPILER V9.60.7.0   ODBIORNIK_BCD                                                     01/11/2025 11:14:26 PAGE 4   

 176   1        }
 177          
 178          void main(void)
 179          {
 180   1          Init();
 181   1          while (1) {
 182   2              
 183   2              Tens = segmentLeft;
 184   2              Ones = segmentRight;
 185   2          }
 186   1      }


MODULE INFORMATION:   STATIC OVERLAYABLE
   CODE SIZE        =    781    ----
   CONSTANT SIZE    =     36    ----
   XDATA SIZE       =   ----    ----
   PDATA SIZE       =   ----    ----
   DATA SIZE        =     16       2
   IDATA SIZE       =   ----    ----
   BIT SIZE         =      4    ----
   EDATA SIZE       =   ----    ----
   HDATA SIZE       =   ----    ----
   XDATA CONST SIZE =   ----    ----
   FAR CONST SIZE   =   ----    ----
END OF MODULE INFORMATION.


C51 COMPILATION COMPLETE.  0 WARNING(S),  0 ERROR(S)
