C51 COMPILER V9.60.7.0   NADAJNIK_MOTOR                                                    01/11/2025 12:02:04 PAGE 1   


C51 COMPILER V9.60.7.0, COMPILATION OF MODULE NADAJNIK_MOTOR
OBJECT MODULE PLACED IN .\Objects\nadajnik_motor.obj
COMPILER INVOKED BY: C:\Keil_v5\C51\BIN\C51.EXE nadajnik_motor.c OMF2 OPTIMIZE(8,SPEED) BROWSE DEBUG PRINT(.\Listings\na
                    -dajnik_motor.lst) TABS(2) OBJECT(.\Objects\nadajnik_motor.obj)

line level    source

   1          #include <REGX52.H>
   2          #define Max 255
   3          #define Min   0
   4          #define Motor P2_4
   5          #define Lamp  P2_3
   6          
   7          volatile unsigned char data Suwak, Nastawa;
   8          
   9          void Init(void)
  10          {
  11   1        P2 = 0x00;
  12   1        P2_1 = 1;
  13   1        P2_2 = 1;
  14   1        P2_5 = 0;
  15   1        P2_6 = 1;
  16   1        P3_4 = 0;
  17   1        Suwak = 0x00;
  18   1        Nastawa = 0x0F;
  19   1        TMOD = 0x02;
  20   1        TCON = 0x00;
  21   1        TH0=TL0=0xF0;
  22   1        ET0 = 1;
  23   1        EA = 1;
  24   1        TR0 = 1;
  25   1      }
  26          
  27          void Motor_ISR(void) interrupt 1
  28          {
  29   1        Suwak++;
  30   1        if(Nastawa == Min){Motor = 0;Lamp = 0;}
  31   1        else
  32   1        {
  33   2          if(Nastawa == Max){Motor = 1;Lamp = 1;}
  34   2          else
  35   2          {
  36   3            if(Suwak<=Nastawa)
  37   3             {Motor = 1;Lamp = 1;} 
  38   3            else 
  39   3             {Motor = 0;Lamp = 0;}
  40   3          }
  41   2        } 
  42   1        if(Suwak==Max) {Suwak = Min;}
  43   1      }
  44          void main(void)
  45          {
  46   1        Init();
  47   1        for(;;){;}
  48   1      }


MODULE INFORMATION:   STATIC OVERLAYABLE
   CODE SIZE        =     93    ----
   CONSTANT SIZE    =   ----    ----
   XDATA SIZE       =   ----    ----
C51 COMPILER V9.60.7.0   NADAJNIK_MOTOR                                                    01/11/2025 12:02:04 PAGE 2   

   PDATA SIZE       =   ----    ----
   DATA SIZE        =      2    ----
   IDATA SIZE       =   ----    ----
   BIT SIZE         =   ----    ----
   EDATA SIZE       =   ----    ----
   HDATA SIZE       =   ----    ----
   XDATA CONST SIZE =   ----    ----
   FAR CONST SIZE   =   ----    ----
END OF MODULE INFORMATION.


C51 COMPILATION COMPLETE.  0 WARNING(S),  0 ERROR(S)
